c:\users\henry_000\documents\visual studio 2017\projects\openglseptember\openglseptember\debug\vc141.pdb
c:\users\henry_000\documents\visual studio 2017\projects\openglseptember\openglseptember\debug\vc141.idb
c:\users\henry_000\documents\visual studio 2017\projects\openglseptember\openglseptember\debug\display.obj
c:\users\henry_000\documents\visual studio 2017\projects\openglseptember\openglseptember\debug\main.obj
c:\users\henry_000\documents\visual studio 2017\projects\openglseptember\openglseptember\debug\std_image.obj
c:\users\henry_000\documents\visual studio 2017\projects\openglseptember-master\openglseptember-master\openglseptember\debug\vc141.pdb
c:\users\henry_000\documents\visual studio 2017\projects\openglseptember-master\openglseptember-master\openglseptember\debug\vc141.idb
c:\users\henry_000\documents\visual studio 2017\projects\openglseptember-master\openglseptember-master\openglseptember\debug\display.obj
c:\users\henry_000\documents\visual studio 2017\projects\openglseptember-master\openglseptember-master\openglseptember\debug\gbuffer.obj
c:\users\henry_000\documents\visual studio 2017\projects\openglseptember-master\openglseptember-master\openglseptember\debug\inputhandler.obj
c:\users\henry_000\documents\visual studio 2017\projects\openglseptember-master\openglseptember-master\openglseptember\debug\main.obj
c:\users\henry_000\documents\visual studio 2017\projects\openglseptember-master\openglseptember-master\openglseptember\debug\mesh.obj
c:\users\henry_000\documents\visual studio 2017\projects\openglseptember-master\openglseptember-master\openglseptember\debug\obj_loader.obj
c:\users\henry_000\documents\visual studio 2017\projects\openglseptember-master\openglseptember-master\openglseptember\debug\terrain.obj
c:\users\henry_000\documents\visual studio 2017\projects\openglseptember-master\openglseptember-master\openglseptember\debug\texture.obj
c:\users\henry_000\documents\visual studio 2017\projects\openglseptember-master\openglseptember-master\openglseptember\debug\std_image.obj
c:\users\henry_000\documents\visual studio 2017\projects\openglseptember-master\openglseptember-master\openglseptember\debug\shader.obj
c:\users\henry_000\documents\visual studio 2017\projects\openglseptember\debug\openglseptember.ilk
c:\users\henry_000\documents\visual studio 2017\projects\openglseptember\debug\openglseptember.exe
c:\users\henry_000\documents\visual studio 2017\projects\openglseptember\debug\openglseptember.pdb
c:\users\henry_000\documents\visual studio 2017\projects\openglseptember-master\openglseptember-master\debug\openglseptember.pdb
c:\users\henry_000\documents\visual studio 2017\projects\openglseptember-master\openglseptember-master\openglseptember\debug\openglseptember.tlog\cl.command.1.tlog
c:\users\henry_000\documents\visual studio 2017\projects\openglseptember-master\openglseptember-master\openglseptember\debug\openglseptember.tlog\cl.read.1.tlog
c:\users\henry_000\documents\visual studio 2017\projects\openglseptember-master\openglseptember-master\openglseptember\debug\openglseptember.tlog\cl.write.1.tlog
c:\users\henry_000\documents\visual studio 2017\projects\openglseptember-master\openglseptember-master\openglseptember\debug\openglseptember.tlog\link.15776-cvtres.read.1.tlog
c:\users\henry_000\documents\visual studio 2017\projects\openglseptember-master\openglseptember-master\openglseptember\debug\openglseptember.tlog\link.15776-cvtres.write.1.tlog
c:\users\henry_000\documents\visual studio 2017\projects\openglseptember-master\openglseptember-master\openglseptember\debug\openglseptember.tlog\link.15776-rc.read.1.tlog
c:\users\henry_000\documents\visual studio 2017\projects\openglseptember-master\openglseptember-master\openglseptember\debug\openglseptember.tlog\link.15776-rc.write.1.tlog
c:\users\henry_000\documents\visual studio 2017\projects\openglseptember-master\openglseptember-master\openglseptember\debug\openglseptember.tlog\link.15776.read.1.tlog
c:\users\henry_000\documents\visual studio 2017\projects\openglseptember-master\openglseptember-master\openglseptember\debug\openglseptember.tlog\link.15776.write.1.tlog
c:\users\henry_000\documents\visual studio 2017\projects\openglseptember-master\openglseptember-master\openglseptember\debug\openglseptember.tlog\link.command.1.tlog
c:\users\henry_000\documents\visual studio 2017\projects\openglseptember-master\openglseptember-master\openglseptember\debug\openglseptember.tlog\link.read.1.tlog
c:\users\henry_000\documents\visual studio 2017\projects\openglseptember-master\openglseptember-master\openglseptember\debug\openglseptember.tlog\link.write.1.tlog
